Mouse moved to position: (0, 1)
Mouse moved to position: (0, 2)
Mouse moved to position: (1, 2)
Mouse moved to position: (1, 3)
Mouse moved to position: (1, 4)
Mouse moved to position: (1, 5)
Mouse moved to position: (1, 6)
Mouse moved to position: (2, 6)
Mouse moved to position: (2, 7)
Mouse moved to position: (2, 8)
Mouse moved to position: (2, 7)
Mouse moved to position: (3, 7)
Mouse moved to position: (4, 7)
Mouse moved to position: (4, 8)
Mouse moved to position: (5, 8)
Mouse moved to position: (4, 8)
Mouse moved to position: (4, 9)
Mouse moved to position: (4, 10)
Mouse moved to position: (5, 10)
Mouse moved to position: (6, 10)
Mouse moved to position: (7, 10)
Mouse moved to position: (7, 11)
Mouse moved to position: (7, 10)
Mouse moved to position: (6, 10)
Mouse moved to position: (5, 10)
Mouse moved to position: (4, 10)
Mouse moved to position: (4, 9)
Mouse moved to position: (4, 8)
Mouse moved to position: (4, 7)
Mouse moved to position: (3, 7)
Mouse moved to position: (2, 7)
Mouse moved to position: (2, 6)
Mouse moved to position: (1, 6)
Mouse moved to position: (1, 5)
Mouse moved to position: (1, 4)
Mouse moved to position: (2, 4)
Mouse moved to position: (3, 4)
Mouse moved to position: (3, 5)
Mouse moved to position: (3, 4)
Mouse moved to position: (2, 4)
Mouse moved to position: (1, 4)
Mouse moved to position: (1, 3)
Mouse moved to position: (1, 2)
Mouse moved to position: (0, 2)
Mouse moved to position: (0, 1)
Mouse moved to position: (0, 0)
Mouse moved to position: (1, 0)
Mouse moved to position: (2, 0)
Mouse moved to position: (2, 1)
Mouse moved to position: (3, 1)
Mouse moved to position: (4, 1)
Mouse moved to position: (4, 2)
Mouse moved to position: (4, 3)
Mouse moved to position: (5, 3)
Mouse moved to position: (5, 4)
Mouse moved to position: (5, 5)
Mouse moved to position: (5, 6)
Mouse moved to position: (5, 5)
Mouse moved to position: (6, 5)
Mouse moved to position: (7, 5)
Mouse moved to position: (7, 6)
Mouse moved to position: (7, 7)
Mouse moved to position: (8, 7)
Mouse moved to position: (8, 8)
Exploration phase completed.
Mouse moved to position: (8, 7)
Mouse moved to position: (7, 7)
Mouse moved to position: (7, 6)
Mouse moved to position: (7, 5)
Mouse moved to position: (7, 4)
Mouse moved to position: (7, 5)
Mouse moved to position: (6, 5)
Mouse moved to position: (5, 5)
Mouse moved to position: (5, 4)
Mouse moved to position: (5, 3)
Mouse moved to position: (4, 3)
Mouse moved to position: (4, 2)
Mouse moved to position: (4, 1)
Mouse moved to position: (3, 1)
Mouse moved to position: (2, 1)
Mouse moved to position: (2, 0)
Mouse moved to position: (1, 0)
Mouse moved to position: (0, 0)
Mouse returned to start position.
Mouse moved to position: (1, 0)
Mouse moved to position: (2, 0)
Mouse moved to position: (2, 1)
Mouse moved to position: (3, 1)
Mouse moved to position: (4, 1)
Mouse moved to position: (4, 2)
Mouse moved to position: (4, 3)
Mouse moved to position: (5, 3)
Mouse moved to position: (5, 4)
Mouse moved to position: (5, 5)
Mouse moved to position: (6, 5)
Mouse moved to position: (7, 5)
Mouse moved to position: (7, 6)
Mouse moved to position: (7, 7)
Mouse moved to position: (8, 7)
Mouse moved to position: (8, 8)
Moves made: 64
Final move count: 16
Maze solved!
